<?xml version="1.0" encoding="UTF-8"?>
<testng-results skipped="0" failed="1" ignored="0" total="8" passed="7">
  <reporter-output>
  </reporter-output>
  <suite name="Default suite" duration-ms="133108" started-at="2021-01-18T19:13:24 IST" finished-at="2021-01-18T19:15:37 IST">
    <groups>
    </groups>
    <test name="Default test" duration-ms="133108" started-at="2021-01-18T19:13:24 IST" finished-at="2021-01-18T19:15:37 IST">
      <class name="slackTestSuite.SlackEditViewUsers">
        <test-method status="PASS" signature="initializeDriver()[pri:0, instance:slackTestSuite.SlackEditViewUsers@443118b0]" name="initializeDriver" is-config="true" duration-ms="7286" started-at="2021-01-18T19:13:24 IST" finished-at="2021-01-18T19:13:31 IST">
          <reporter-output>
          </reporter-output>
        </test-method> <!-- initializeDriver -->
        <test-method status="PASS" signature="init()[pri:0, instance:slackTestSuite.SlackEditViewUsers@443118b0]" name="init" is-config="true" duration-ms="5393" started-at="2021-01-18T19:13:32 IST" finished-at="2021-01-18T19:13:37 IST">
          <reporter-output>
          </reporter-output>
        </test-method> <!-- init -->
        <test-method status="PASS" signature="getDriver()[pri:0, instance:slackTestSuite.SlackEditViewUsers@443118b0]" name="getDriver" duration-ms="6197" started-at="2021-01-18T19:13:37 IST" finished-at="2021-01-18T19:13:43 IST">
          <reporter-output>
          </reporter-output>
        </test-method> <!-- getDriver -->
        <test-method status="PASS" signature="validateSlackLoginWhenConnected()[pri:0, instance:slackTestSuite.SlackEditViewUsers@443118b0]" name="validateSlackLoginWhenConnected" duration-ms="5867" started-at="2021-01-18T19:13:43 IST" finished-at="2021-01-18T19:13:49 IST">
          <reporter-output>
          </reporter-output>
        </test-method> <!-- validateSlackLoginWhenConnected -->
        <test-method status="PASS" signature="selectManagePageValidation()[pri:1, instance:slackTestSuite.SlackEditViewUsers@443118b0]" name="selectManagePageValidation" duration-ms="30539" started-at="2021-01-18T19:13:49 IST" finished-at="2021-01-18T19:14:20 IST">
          <reporter-output>
          </reporter-output>
        </test-method> <!-- selectManagePageValidation -->
        <test-method status="PASS" signature="connectSlackOnCancel()[pri:2, instance:slackTestSuite.SlackEditViewUsers@443118b0]" name="connectSlackOnCancel" duration-ms="19795" started-at="2021-01-18T19:14:20 IST" finished-at="2021-01-18T19:14:39 IST">
          <reporter-output>
          </reporter-output>
        </test-method> <!-- connectSlackOnCancel -->
        <test-method status="PASS" signature="validateQueuedInvitesFlowOnView()[pri:3, instance:slackTestSuite.SlackEditViewUsers@443118b0]" name="validateQueuedInvitesFlowOnView" duration-ms="10534" started-at="2021-01-18T19:14:39 IST" finished-at="2021-01-18T19:14:50 IST">
          <reporter-output>
          </reporter-output>
        </test-method> <!-- validateQueuedInvitesFlowOnView -->
        <test-method status="PASS" signature="EditInvitesValidationOnCancel()[pri:4, instance:slackTestSuite.SlackEditViewUsers@443118b0]" name="EditInvitesValidationOnCancel" duration-ms="5547" started-at="2021-01-18T19:14:50 IST" finished-at="2021-01-18T19:14:55 IST">
          <reporter-output>
          </reporter-output>
        </test-method> <!-- EditInvitesValidationOnCancel -->
        <test-method status="FAIL" signature="EditInvitesValidationOnConfirm()[pri:5, instance:slackTestSuite.SlackEditViewUsers@443118b0]" name="EditInvitesValidationOnConfirm" duration-ms="39104" started-at="2021-01-18T19:14:55 IST" finished-at="2021-01-18T19:15:35 IST">
          <exception class="org.openqa.selenium.NoSuchElementException">
            <message>
              <![CDATA[no such element: Unable to locate element: {"method":"css selector","selector":"#standard\-name\-helper\-text"}
  (Session info: chrome=87.0.4280.141)
For documentation on this error, please visit: https://selenium.dev/exceptions/#no_such_element
Build info: version: '4.0.0-alpha-4', revision: 'c2d955b49e'
System info: host: 'LAPTOP-A003P5EU', ip: '192.168.18.105', os.name: 'Windows 10', os.arch: 'amd64', os.version: '10.0', java.version: '1.8.0_261'
Driver info: org.openqa.selenium.chrome.ChromeDriver
Capabilities {acceptInsecureCerts: true, browserName: chrome, browserVersion: 87.0.4280.141, chrome: {chromedriverVersion: 87.0.4280.20 (c99e81631faa0..., userDataDir: C:\Users\JAYASU~1\AppData\L...}, goog:chromeOptions: {debuggerAddress: localhost:58658}, javascriptEnabled: true, networkConnectionEnabled: false, pageLoadStrategy: normal, platform: WINDOWS, platformName: WINDOWS, proxy: Proxy(), setWindowRect: true, strictFileInteractability: false, timeouts: {implicit: 0, pageLoad: 300000, script: 30000}, unhandledPromptBehavior: dismiss and notify, webauthn:virtualAuthenticators: true}
Session ID: 94186645c2a779eeb2dec6d1c6481b87
*** Element info: {Using=id, value=standard-name-helper-text}]]>
            </message>
            <full-stacktrace>
              <![CDATA[org.openqa.selenium.NoSuchElementException: no such element: Unable to locate element: {"method":"css selector","selector":"#standard\-name\-helper\-text"}
  (Session info: chrome=87.0.4280.141)
For documentation on this error, please visit: https://selenium.dev/exceptions/#no_such_element
Build info: version: '4.0.0-alpha-4', revision: 'c2d955b49e'
System info: host: 'LAPTOP-A003P5EU', ip: '192.168.18.105', os.name: 'Windows 10', os.arch: 'amd64', os.version: '10.0', java.version: '1.8.0_261'
Driver info: org.openqa.selenium.chrome.ChromeDriver
Capabilities {acceptInsecureCerts: true, browserName: chrome, browserVersion: 87.0.4280.141, chrome: {chromedriverVersion: 87.0.4280.20 (c99e81631faa0..., userDataDir: C:\Users\JAYASU~1\AppData\L...}, goog:chromeOptions: {debuggerAddress: localhost:58658}, javascriptEnabled: true, networkConnectionEnabled: false, pageLoadStrategy: normal, platform: WINDOWS, platformName: WINDOWS, proxy: Proxy(), setWindowRect: true, strictFileInteractability: false, timeouts: {implicit: 0, pageLoad: 300000, script: 30000}, unhandledPromptBehavior: dismiss and notify, webauthn:virtualAuthenticators: true}
Session ID: 94186645c2a779eeb2dec6d1c6481b87
*** Element info: {Using=id, value=standard-name-helper-text}
at sun.reflect.NativeConstructorAccessorImpl.newInstance0(Native Method)
at sun.reflect.NativeConstructorAccessorImpl.newInstance(Unknown Source)
at sun.reflect.DelegatingConstructorAccessorImpl.newInstance(Unknown Source)
at java.lang.reflect.Constructor.newInstance(Unknown Source)
at org.openqa.selenium.remote.codec.w3c.W3CHttpResponseCodec.createException(W3CHttpResponseCodec.java:196)
at org.openqa.selenium.remote.codec.w3c.W3CHttpResponseCodec.decode(W3CHttpResponseCodec.java:129)
at org.openqa.selenium.remote.codec.w3c.W3CHttpResponseCodec.decode(W3CHttpResponseCodec.java:53)
at org.openqa.selenium.remote.HttpCommandExecutor.execute(HttpCommandExecutor.java:161)
at org.openqa.selenium.remote.service.DriverCommandExecutor.execute(DriverCommandExecutor.java:83)
at org.openqa.selenium.remote.RemoteWebDriver.execute(RemoteWebDriver.java:582)
at org.openqa.selenium.remote.RemoteWebDriver.findElement(RemoteWebDriver.java:333)
at org.openqa.selenium.remote.RemoteWebDriver.findElementById(RemoteWebDriver.java:381)
at org.openqa.selenium.By$ById.findElement(By.java:194)
at org.openqa.selenium.remote.RemoteWebDriver.findElement(RemoteWebDriver.java:325)
at slackPageObjects.SlackIdentityObjects.HelperNameError(SlackIdentityObjects.java:659)
at slackTestSuite.SlackEditViewUsers.singleEdit(SlackEditViewUsers.java:345)
at slackTestSuite.SlackEditViewUsers.EditInvitesValidationOnConfirm(SlackEditViewUsers.java:110)
at sun.reflect.NativeMethodAccessorImpl.invoke0(Native Method)
at sun.reflect.NativeMethodAccessorImpl.invoke(Unknown Source)
at sun.reflect.DelegatingMethodAccessorImpl.invoke(Unknown Source)
at java.lang.reflect.Method.invoke(Unknown Source)
at org.testng.internal.MethodInvocationHelper.invokeMethod(MethodInvocationHelper.java:133)
at org.testng.internal.TestInvoker.invokeMethod(TestInvoker.java:584)
at org.testng.internal.TestInvoker.invokeTestMethod(TestInvoker.java:172)
at org.testng.internal.MethodRunner.runInSequence(MethodRunner.java:46)
at org.testng.internal.TestInvoker$MethodInvocationAgent.invoke(TestInvoker.java:804)
at org.testng.internal.TestInvoker.invokeTestMethods(TestInvoker.java:145)
at org.testng.internal.TestMethodWorker.invokeTestMethods(TestMethodWorker.java:146)
at org.testng.internal.TestMethodWorker.run(TestMethodWorker.java:128)
at java.util.ArrayList.forEach(Unknown Source)
at org.testng.TestRunner.privateRun(TestRunner.java:770)
at org.testng.TestRunner.run(TestRunner.java:591)
at org.testng.SuiteRunner.runTest(SuiteRunner.java:402)
at org.testng.SuiteRunner.runSequentially(SuiteRunner.java:396)
at org.testng.SuiteRunner.privateRun(SuiteRunner.java:355)
at org.testng.SuiteRunner.run(SuiteRunner.java:304)
at org.testng.SuiteRunnerWorker.runSuite(SuiteRunnerWorker.java:53)
at org.testng.SuiteRunnerWorker.run(SuiteRunnerWorker.java:96)
at org.testng.TestNG.runSuitesSequentially(TestNG.java:1180)
at org.testng.TestNG.runSuitesLocally(TestNG.java:1102)
at org.testng.TestNG.runSuites(TestNG.java:1032)
at org.testng.TestNG.run(TestNG.java:1000)
at org.testng.remote.AbstractRemoteTestNG.run(AbstractRemoteTestNG.java:115)
at org.testng.remote.RemoteTestNG.initAndRun(RemoteTestNG.java:251)
at org.testng.remote.RemoteTestNG.main(RemoteTestNG.java:77)
]]>
            </full-stacktrace>
          </exception> <!-- org.openqa.selenium.NoSuchElementException -->
          <reporter-output>
          </reporter-output>
        </test-method> <!-- EditInvitesValidationOnConfirm -->
        <test-method status="PASS" signature="ValidateManagePageUserDetails()[pri:6, instance:slackTestSuite.SlackEditViewUsers@443118b0]" name="ValidateManagePageUserDetails" duration-ms="2642" started-at="2021-01-18T19:15:35 IST" finished-at="2021-01-18T19:15:37 IST">
          <reporter-output>
          </reporter-output>
        </test-method> <!-- ValidateManagePageUserDetails -->
        <test-method status="PASS" signature="finish()[pri:0, instance:slackTestSuite.SlackEditViewUsers@443118b0]" name="finish" is-config="true" duration-ms="137" started-at="2021-01-18T19:15:37 IST" finished-at="2021-01-18T19:15:37 IST">
          <reporter-output>
          </reporter-output>
        </test-method> <!-- finish -->
      </class> <!-- slackTestSuite.SlackEditViewUsers -->
    </test> <!-- Default test -->
  </suite> <!-- Default suite -->
</testng-results>
