<?xml version="1.0" encoding="UTF-8"?>
<!-- Generated by org.testng.reporters.JUnitXMLReporter -->
<testsuite hostname="LAPTOP-A003P5EU" ignored="0" name="Test" tests="6" failures="0" timestamp="2021-01-18T14:43:35 IST" time="0.074" errors="0">
  <testcase name="validateLoginFunct" time="0.017" classname="Assembly.SlackAppValidationTest"/>
  <testcase name="validateGiveRecognitionUsingSlash" time="0.0" classname="Assembly.SlackAppValidationTest"/>
  <testcase name="validateGiveRecognitionUsingShortcut" time="0.002" classname="Assembly.SlackAppValidationTest"/>
  <testcase name="validateLoginFunct" time="0.002" classname="slackTestSuite.SlackAppValidationTest"/>
  <testcase name="validateGiveRecognitionUsingSlash" time="0.002" classname="slackTestSuite.SlackAppValidationTest"/>
  <testcase name="validateGiveRecognitionUsingShortcut" time="0.002" classname="slackTestSuite.SlackAppValidationTest"/>
</testsuite> <!-- Test -->
